<?xml version="1.0" encoding="UTF-8"?>
<testsuite name="memory.MemoryFinderTest" tests="1" skipped="0" failures="0" errors="0" timestamp="2024-10-30T06:23:04" hostname="jkkyui-MacBookPro.local" time="0.055">
  <properties/>
  <testcase name="get()" classname="memory.MemoryFinderTest" time="0.055"/>
  <system-out><![CDATA[]]></system-out>
  <system-err><![CDATA[]]></system-err>
</testsuite>
